<?xml version="1.0" encoding="UTF-8"?>
<testsuite xmlns:xsi="http://www.w3.org/2001/XMLSchema-instance" xsi:noNamespaceSchemaLocation="https://maven.apache.org/surefire/maven-surefire-plugin/xsd/surefire-test-report-3.0.xsd" version="3.0" name="tek.sdet.framework.runner.TestRunner" time="34.077" tests="5" errors="0" skipped="0" failures="0">
  <properties>
    <property name="gopherProxySet" value="false"/>
    <property name="awt.toolkit" value="sun.lwawt.macosx.LWCToolkit"/>
    <property name="java.specification.version" value="11"/>
    <property name="sun.cpu.isalist" value=""/>
    <property name="sun.jnu.encoding" value="UTF-8"/>
    <property name="java.class.path" value="/Users/hamedzara/eclipse-workspace/tek-transformers-bdd-framework/target/test-classes:/Users/hamedzara/eclipse-workspace/tek-transformers-bdd-framework/target/classes:/Users/hamedzara/.m2/repository/io/cucumber/cucumber-java/7.8.0/cucumber-java-7.8.0.jar:/Users/hamedzara/.m2/repository/io/cucumber/cucumber-core/7.8.0/cucumber-core-7.8.0.jar:/Users/hamedzara/.m2/repository/io/cucumber/cucumber-gherkin/7.8.0/cucumber-gherkin-7.8.0.jar:/Users/hamedzara/.m2/repository/io/cucumber/cucumber-gherkin-messages/7.8.0/cucumber-gherkin-messages-7.8.0.jar:/Users/hamedzara/.m2/repository/io/cucumber/gherkin/24.0.0/gherkin-24.0.0.jar:/Users/hamedzara/.m2/repository/io/cucumber/messages/19.1.2/messages-19.1.2.jar:/Users/hamedzara/.m2/repository/io/cucumber/tag-expressions/4.1.0/tag-expressions-4.1.0.jar:/Users/hamedzara/.m2/repository/io/cucumber/cucumber-expressions/16.0.0/cucumber-expressions-16.0.0.jar:/Users/hamedzara/.m2/repository/io/cucumber/datatable/7.8.0/datatable-7.8.0.jar:/Users/hamedzara/.m2/repository/io/cucumber/cucumber-plugin/7.8.0/cucumber-plugin-7.8.0.jar:/Users/hamedzara/.m2/repository/io/cucumber/docstring/7.8.0/docstring-7.8.0.jar:/Users/hamedzara/.m2/repository/io/cucumber/html-formatter/20.1.0/html-formatter-20.1.0.jar:/Users/hamedzara/.m2/repository/io/cucumber/ci-environment/9.1.0/ci-environment-9.1.0.jar:/Users/hamedzara/.m2/repository/org/apiguardian/apiguardian-api/1.1.2/apiguardian-api-1.1.2.jar:/Users/hamedzara/.m2/repository/io/cucumber/cucumber-junit/7.8.0/cucumber-junit-7.8.0.jar:/Users/hamedzara/.m2/repository/junit/junit/4.13.2/junit-4.13.2.jar:/Users/hamedzara/.m2/repository/org/hamcrest/hamcrest-core/1.3/hamcrest-core-1.3.jar:/Users/hamedzara/.m2/repository/org/seleniumhq/selenium/selenium-java/4.4.0/selenium-java-4.4.0.jar:/Users/hamedzara/.m2/repository/org/seleniumhq/selenium/selenium-api/4.4.0/selenium-api-4.4.0.jar:/Users/hamedzara/.m2/repository/org/seleniumhq/selenium/selenium-chrome-driver/4.4.0/selenium-chrome-driver-4.4.0.jar:/Users/hamedzara/.m2/repository/com/google/auto/service/auto-service-annotations/1.0.1/auto-service-annotations-1.0.1.jar:/Users/hamedzara/.m2/repository/com/google/auto/service/auto-service/1.0.1/auto-service-1.0.1.jar:/Users/hamedzara/.m2/repository/com/google/auto/auto-common/1.2/auto-common-1.2.jar:/Users/hamedzara/.m2/repository/com/google/guava/guava/31.1-jre/guava-31.1-jre.jar:/Users/hamedzara/.m2/repository/com/google/guava/failureaccess/1.0.1/failureaccess-1.0.1.jar:/Users/hamedzara/.m2/repository/com/google/guava/listenablefuture/9999.0-empty-to-avoid-conflict-with-guava/listenablefuture-9999.0-empty-to-avoid-conflict-with-guava.jar:/Users/hamedzara/.m2/repository/com/google/code/findbugs/jsr305/3.0.2/jsr305-3.0.2.jar:/Users/hamedzara/.m2/repository/org/checkerframework/checker-qual/3.12.0/checker-qual-3.12.0.jar:/Users/hamedzara/.m2/repository/com/google/errorprone/error_prone_annotations/2.11.0/error_prone_annotations-2.11.0.jar:/Users/hamedzara/.m2/repository/com/google/j2objc/j2objc-annotations/1.3/j2objc-annotations-1.3.jar:/Users/hamedzara/.m2/repository/org/seleniumhq/selenium/selenium-chromium-driver/4.4.0/selenium-chromium-driver-4.4.0.jar:/Users/hamedzara/.m2/repository/org/seleniumhq/selenium/selenium-json/4.4.0/selenium-json-4.4.0.jar:/Users/hamedzara/.m2/repository/org/seleniumhq/selenium/selenium-devtools-v102/4.4.0/selenium-devtools-v102-4.4.0.jar:/Users/hamedzara/.m2/repository/org/seleniumhq/selenium/selenium-devtools-v103/4.4.0/selenium-devtools-v103-4.4.0.jar:/Users/hamedzara/.m2/repository/org/seleniumhq/selenium/selenium-devtools-v104/4.4.0/selenium-devtools-v104-4.4.0.jar:/Users/hamedzara/.m2/repository/org/seleniumhq/selenium/selenium-devtools-v85/4.4.0/selenium-devtools-v85-4.4.0.jar:/Users/hamedzara/.m2/repository/org/seleniumhq/selenium/selenium-edge-driver/4.4.0/selenium-edge-driver-4.4.0.jar:/Users/hamedzara/.m2/repository/org/seleniumhq/selenium/selenium-firefox-driver/4.4.0/selenium-firefox-driver-4.4.0.jar:/Users/hamedzara/.m2/repository/org/seleniumhq/selenium/selenium-ie-driver/4.4.0/selenium-ie-driver-4.4.0.jar:/Users/hamedzara/.m2/repository/org/seleniumhq/selenium/selenium-opera-driver/4.4.0/selenium-opera-driver-4.4.0.jar:/Users/hamedzara/.m2/repository/org/seleniumhq/selenium/selenium-remote-driver/4.4.0/selenium-remote-driver-4.4.0.jar:/Users/hamedzara/.m2/repository/com/beust/jcommander/1.82/jcommander-1.82.jar:/Users/hamedzara/.m2/repository/io/netty/netty-buffer/4.1.78.Final/netty-buffer-4.1.78.Final.jar:/Users/hamedzara/.m2/repository/io/netty/netty-codec-http/4.1.78.Final/netty-codec-http-4.1.78.Final.jar:/Users/hamedzara/.m2/repository/io/netty/netty-codec/4.1.78.Final/netty-codec-4.1.78.Final.jar:/Users/hamedzara/.m2/repository/io/netty/netty-handler/4.1.78.Final/netty-handler-4.1.78.Final.jar:/Users/hamedzara/.m2/repository/io/netty/netty-common/4.1.78.Final/netty-common-4.1.78.Final.jar:/Users/hamedzara/.m2/repository/io/netty/netty-transport-classes-epoll/4.1.78.Final/netty-transport-classes-epoll-4.1.78.Final.jar:/Users/hamedzara/.m2/repository/io/netty/netty-transport-classes-kqueue/4.1.78.Final/netty-transport-classes-kqueue-4.1.78.Final.jar:/Users/hamedzara/.m2/repository/io/netty/netty-transport-native-epoll/4.1.78.Final/netty-transport-native-epoll-4.1.78.Final.jar:/Users/hamedzara/.m2/repository/io/netty/netty-transport-native-kqueue/4.1.78.Final/netty-transport-native-kqueue-4.1.78.Final.jar:/Users/hamedzara/.m2/repository/io/netty/netty-transport-native-unix-common/4.1.78.Final/netty-transport-native-unix-common-4.1.78.Final.jar:/Users/hamedzara/.m2/repository/io/netty/netty-transport/4.1.78.Final/netty-transport-4.1.78.Final.jar:/Users/hamedzara/.m2/repository/io/netty/netty-resolver/4.1.78.Final/netty-resolver-4.1.78.Final.jar:/Users/hamedzara/.m2/repository/io/opentelemetry/opentelemetry-api/1.16.0/opentelemetry-api-1.16.0.jar:/Users/hamedzara/.m2/repository/io/opentelemetry/opentelemetry-context/1.16.0/opentelemetry-context-1.16.0.jar:/Users/hamedzara/.m2/repository/io/opentelemetry/opentelemetry-exporter-logging/1.16.0/opentelemetry-exporter-logging-1.16.0.jar:/Users/hamedzara/.m2/repository/io/opentelemetry/opentelemetry-sdk-metrics/1.16.0/opentelemetry-sdk-metrics-1.16.0.jar:/Users/hamedzara/.m2/repository/io/opentelemetry/opentelemetry-sdk-logs/1.16.0-alpha/opentelemetry-sdk-logs-1.16.0-alpha.jar:/Users/hamedzara/.m2/repository/io/opentelemetry/opentelemetry-sdk-common/1.16.0/opentelemetry-sdk-common-1.16.0.jar:/Users/hamedzara/.m2/repository/io/opentelemetry/opentelemetry-sdk-extension-autoconfigure-spi/1.16.0/opentelemetry-sdk-extension-autoconfigure-spi-1.16.0.jar:/Users/hamedzara/.m2/repository/io/opentelemetry/opentelemetry-sdk-extension-autoconfigure/1.16.0-alpha/opentelemetry-sdk-extension-autoconfigure-1.16.0-alpha.jar:/Users/hamedzara/.m2/repository/io/opentelemetry/opentelemetry-sdk-trace/1.16.0/opentelemetry-sdk-trace-1.16.0.jar:/Users/hamedzara/.m2/repository/io/opentelemetry/opentelemetry-sdk/1.16.0/opentelemetry-sdk-1.16.0.jar:/Users/hamedzara/.m2/repository/io/opentelemetry/opentelemetry-semconv/1.16.0-alpha/opentelemetry-semconv-1.16.0-alpha.jar:/Users/hamedzara/.m2/repository/io/ous/jtoml/2.0.0/jtoml-2.0.0.jar:/Users/hamedzara/.m2/repository/net/bytebuddy/byte-buddy/1.12.10/byte-buddy-1.12.10.jar:/Users/hamedzara/.m2/repository/org/apache/commons/commons-exec/1.3/commons-exec-1.3.jar:/Users/hamedzara/.m2/repository/org/asynchttpclient/async-http-client/2.12.3/async-http-client-2.12.3.jar:/Users/hamedzara/.m2/repository/org/asynchttpclient/async-http-client-netty-utils/2.12.3/async-http-client-netty-utils-2.12.3.jar:/Users/hamedzara/.m2/repository/io/netty/netty-codec-socks/4.1.60.Final/netty-codec-socks-4.1.60.Final.jar:/Users/hamedzara/.m2/repository/io/netty/netty-handler-proxy/4.1.60.Final/netty-handler-proxy-4.1.60.Final.jar:/Users/hamedzara/.m2/repository/io/netty/netty-transport-native-epoll/4.1.60.Final/netty-transport-native-epoll-4.1.60.Final-linux-x86_64.jar:/Users/hamedzara/.m2/repository/io/netty/netty-transport-native-kqueue/4.1.60.Final/netty-transport-native-kqueue-4.1.60.Final-osx-x86_64.jar:/Users/hamedzara/.m2/repository/org/reactivestreams/reactive-streams/1.0.3/reactive-streams-1.0.3.jar:/Users/hamedzara/.m2/repository/com/typesafe/netty/netty-reactive-streams/2.0.4/netty-reactive-streams-2.0.4.jar:/Users/hamedzara/.m2/repository/com/sun/activation/jakarta.activation/1.2.2/jakarta.activation-1.2.2.jar:/Users/hamedzara/.m2/repository/org/seleniumhq/selenium/selenium-http/4.4.0/selenium-http-4.4.0.jar:/Users/hamedzara/.m2/repository/dev/failsafe/failsafe/3.2.4/failsafe-3.2.4.jar:/Users/hamedzara/.m2/repository/org/seleniumhq/selenium/selenium-safari-driver/4.4.0/selenium-safari-driver-4.4.0.jar:/Users/hamedzara/.m2/repository/org/seleniumhq/selenium/selenium-support/4.4.0/selenium-support-4.4.0.jar:/Users/hamedzara/.m2/repository/io/github/bonigarcia/webdrivermanager/5.3.0/webdrivermanager-5.3.0.jar:/Users/hamedzara/.m2/repository/org/slf4j/slf4j-api/1.7.36/slf4j-api-1.7.36.jar:/Users/hamedzara/.m2/repository/com/google/code/gson/gson/2.9.1/gson-2.9.1.jar:/Users/hamedzara/.m2/repository/com/github/docker-java/docker-java/3.2.13/docker-java-3.2.13.jar:/Users/hamedzara/.m2/repository/com/github/docker-java/docker-java-core/3.2.13/docker-java-core-3.2.13.jar:/Users/hamedzara/.m2/repository/com/github/docker-java/docker-java-api/3.2.13/docker-java-api-3.2.13.jar:/Users/hamedzara/.m2/repository/com/fasterxml/jackson/core/jackson-annotations/2.10.3/jackson-annotations-2.10.3.jar:/Users/hamedzara/.m2/repository/com/fasterxml/jackson/core/jackson-databind/2.10.3/jackson-databind-2.10.3.jar:/Users/hamedzara/.m2/repository/com/fasterxml/jackson/core/jackson-core/2.10.3/jackson-core-2.10.3.jar:/Users/hamedzara/.m2/repository/org/bouncycastle/bcpkix-jdk15on/1.64/bcpkix-jdk15on-1.64.jar:/Users/hamedzara/.m2/repository/org/bouncycastle/bcprov-jdk15on/1.64/bcprov-jdk15on-1.64.jar:/Users/hamedzara/.m2/repository/org/slf4j/jcl-over-slf4j/1.7.30/jcl-over-slf4j-1.7.30.jar:/Users/hamedzara/.m2/repository/com/github/docker-java/docker-java-transport-httpclient5/3.2.13/docker-java-transport-httpclient5-3.2.13.jar:/Users/hamedzara/.m2/repository/com/github/docker-java/docker-java-transport/3.2.13/docker-java-transport-3.2.13.jar:/Users/hamedzara/.m2/repository/net/java/dev/jna/jna/5.8.0/jna-5.8.0.jar:/Users/hamedzara/.m2/repository/org/brotli/dec/0.1.2/dec-0.1.2.jar:/Users/hamedzara/.m2/repository/org/apache/commons/commons-lang3/3.12.0/commons-lang3-3.12.0.jar:/Users/hamedzara/.m2/repository/org/apache/httpcomponents/client5/httpclient5/5.1.3/httpclient5-5.1.3.jar:/Users/hamedzara/.m2/repository/org/apache/httpcomponents/core5/httpcore5/5.1.3/httpcore5-5.1.3.jar:/Users/hamedzara/.m2/repository/org/apache/httpcomponents/core5/httpcore5-h2/5.1.3/httpcore5-h2-5.1.3.jar:/Users/hamedzara/.m2/repository/org/apache/poi/poi/5.2.3/poi-5.2.3.jar:/Users/hamedzara/.m2/repository/commons-codec/commons-codec/1.15/commons-codec-1.15.jar:/Users/hamedzara/.m2/repository/org/apache/commons/commons-collections4/4.4/commons-collections4-4.4.jar:/Users/hamedzara/.m2/repository/org/apache/commons/commons-math3/3.6.1/commons-math3-3.6.1.jar:/Users/hamedzara/.m2/repository/com/zaxxer/SparseBitSet/1.2/SparseBitSet-1.2.jar:/Users/hamedzara/.m2/repository/org/apache/logging/log4j/log4j-api/2.18.0/log4j-api-2.18.0.jar:/Users/hamedzara/.m2/repository/org/apache/poi/poi-ooxml/5.2.3/poi-ooxml-5.2.3.jar:/Users/hamedzara/.m2/repository/org/apache/poi/poi-ooxml-lite/5.2.3/poi-ooxml-lite-5.2.3.jar:/Users/hamedzara/.m2/repository/org/apache/xmlbeans/xmlbeans/5.1.1/xmlbeans-5.1.1.jar:/Users/hamedzara/.m2/repository/org/apache/commons/commons-compress/1.21/commons-compress-1.21.jar:/Users/hamedzara/.m2/repository/com/github/virtuald/curvesapi/1.07/curvesapi-1.07.jar:/Users/hamedzara/.m2/repository/mysql/mysql-connector-java/8.0.30/mysql-connector-java-8.0.30.jar:/Users/hamedzara/.m2/repository/com/google/protobuf/protobuf-java/3.19.4/protobuf-java-3.19.4.jar:/Users/hamedzara/.m2/repository/commons-io/commons-io/2.11.0/commons-io-2.11.0.jar:/Users/hamedzara/.m2/repository/org/yaml/snakeyaml/1.33/snakeyaml-1.33.jar:/Users/hamedzara/.m2/repository/log4j/log4j/1.2.17/log4j-1.2.17.jar:/Users/hamedzara/.m2/repository/net/datafaker/datafaker/1.8.0/datafaker-1.8.0.jar:/Users/hamedzara/.m2/repository/com/github/mifmif/generex/1.0.2/generex-1.0.2.jar:/Users/hamedzara/.m2/repository/dk/brics/automaton/automaton/1.11-8/automaton-1.11-8.jar:"/>
    <property name="java.vm.vendor" value="Oracle Corporation"/>
    <property name="sun.arch.data.model" value="64"/>
    <property name="java.vendor.url" value="https://openjdk.java.net/"/>
    <property name="user.timezone" value=""/>
    <property name="java.vm.specification.version" value="11"/>
    <property name="os.name" value="Mac OS X"/>
    <property name="sun.java.launcher" value="SUN_STANDARD"/>
    <property name="user.country" value="US"/>
    <property name="sun.boot.library.path" value="/Library/Java/JavaVirtualMachines/jdk-11.0.15.1.jdk/Contents/Home/lib"/>
    <property name="sun.java.command" value="/Users/hamedzara/eclipse-workspace/tek-transformers-bdd-framework/target/surefire/surefirebooter-20230321124652665_3.jar /Users/hamedzara/eclipse-workspace/tek-transformers-bdd-framework/target/surefire 2023-03-21T12-46-52_071-jvmRun1 surefire-20230321124652665_1tmp surefire_0-20230321124652665_2tmp"/>
    <property name="http.nonProxyHosts" value="local|*.local|169.254/16|*.169.254/16"/>
    <property name="jdk.debug" value="release"/>
    <property name="surefire.test.class.path" value="/Users/hamedzara/eclipse-workspace/tek-transformers-bdd-framework/target/test-classes:/Users/hamedzara/eclipse-workspace/tek-transformers-bdd-framework/target/classes:/Users/hamedzara/.m2/repository/io/cucumber/cucumber-java/7.8.0/cucumber-java-7.8.0.jar:/Users/hamedzara/.m2/repository/io/cucumber/cucumber-core/7.8.0/cucumber-core-7.8.0.jar:/Users/hamedzara/.m2/repository/io/cucumber/cucumber-gherkin/7.8.0/cucumber-gherkin-7.8.0.jar:/Users/hamedzara/.m2/repository/io/cucumber/cucumber-gherkin-messages/7.8.0/cucumber-gherkin-messages-7.8.0.jar:/Users/hamedzara/.m2/repository/io/cucumber/gherkin/24.0.0/gherkin-24.0.0.jar:/Users/hamedzara/.m2/repository/io/cucumber/messages/19.1.2/messages-19.1.2.jar:/Users/hamedzara/.m2/repository/io/cucumber/tag-expressions/4.1.0/tag-expressions-4.1.0.jar:/Users/hamedzara/.m2/repository/io/cucumber/cucumber-expressions/16.0.0/cucumber-expressions-16.0.0.jar:/Users/hamedzara/.m2/repository/io/cucumber/datatable/7.8.0/datatable-7.8.0.jar:/Users/hamedzara/.m2/repository/io/cucumber/cucumber-plugin/7.8.0/cucumber-plugin-7.8.0.jar:/Users/hamedzara/.m2/repository/io/cucumber/docstring/7.8.0/docstring-7.8.0.jar:/Users/hamedzara/.m2/repository/io/cucumber/html-formatter/20.1.0/html-formatter-20.1.0.jar:/Users/hamedzara/.m2/repository/io/cucumber/ci-environment/9.1.0/ci-environment-9.1.0.jar:/Users/hamedzara/.m2/repository/org/apiguardian/apiguardian-api/1.1.2/apiguardian-api-1.1.2.jar:/Users/hamedzara/.m2/repository/io/cucumber/cucumber-junit/7.8.0/cucumber-junit-7.8.0.jar:/Users/hamedzara/.m2/repository/junit/junit/4.13.2/junit-4.13.2.jar:/Users/hamedzara/.m2/repository/org/hamcrest/hamcrest-core/1.3/hamcrest-core-1.3.jar:/Users/hamedzara/.m2/repository/org/seleniumhq/selenium/selenium-java/4.4.0/selenium-java-4.4.0.jar:/Users/hamedzara/.m2/repository/org/seleniumhq/selenium/selenium-api/4.4.0/selenium-api-4.4.0.jar:/Users/hamedzara/.m2/repository/org/seleniumhq/selenium/selenium-chrome-driver/4.4.0/selenium-chrome-driver-4.4.0.jar:/Users/hamedzara/.m2/repository/com/google/auto/service/auto-service-annotations/1.0.1/auto-service-annotations-1.0.1.jar:/Users/hamedzara/.m2/repository/com/google/auto/service/auto-service/1.0.1/auto-service-1.0.1.jar:/Users/hamedzara/.m2/repository/com/google/auto/auto-common/1.2/auto-common-1.2.jar:/Users/hamedzara/.m2/repository/com/google/guava/guava/31.1-jre/guava-31.1-jre.jar:/Users/hamedzara/.m2/repository/com/google/guava/failureaccess/1.0.1/failureaccess-1.0.1.jar:/Users/hamedzara/.m2/repository/com/google/guava/listenablefuture/9999.0-empty-to-avoid-conflict-with-guava/listenablefuture-9999.0-empty-to-avoid-conflict-with-guava.jar:/Users/hamedzara/.m2/repository/com/google/code/findbugs/jsr305/3.0.2/jsr305-3.0.2.jar:/Users/hamedzara/.m2/repository/org/checkerframework/checker-qual/3.12.0/checker-qual-3.12.0.jar:/Users/hamedzara/.m2/repository/com/google/errorprone/error_prone_annotations/2.11.0/error_prone_annotations-2.11.0.jar:/Users/hamedzara/.m2/repository/com/google/j2objc/j2objc-annotations/1.3/j2objc-annotations-1.3.jar:/Users/hamedzara/.m2/repository/org/seleniumhq/selenium/selenium-chromium-driver/4.4.0/selenium-chromium-driver-4.4.0.jar:/Users/hamedzara/.m2/repository/org/seleniumhq/selenium/selenium-json/4.4.0/selenium-json-4.4.0.jar:/Users/hamedzara/.m2/repository/org/seleniumhq/selenium/selenium-devtools-v102/4.4.0/selenium-devtools-v102-4.4.0.jar:/Users/hamedzara/.m2/repository/org/seleniumhq/selenium/selenium-devtools-v103/4.4.0/selenium-devtools-v103-4.4.0.jar:/Users/hamedzara/.m2/repository/org/seleniumhq/selenium/selenium-devtools-v104/4.4.0/selenium-devtools-v104-4.4.0.jar:/Users/hamedzara/.m2/repository/org/seleniumhq/selenium/selenium-devtools-v85/4.4.0/selenium-devtools-v85-4.4.0.jar:/Users/hamedzara/.m2/repository/org/seleniumhq/selenium/selenium-edge-driver/4.4.0/selenium-edge-driver-4.4.0.jar:/Users/hamedzara/.m2/repository/org/seleniumhq/selenium/selenium-firefox-driver/4.4.0/selenium-firefox-driver-4.4.0.jar:/Users/hamedzara/.m2/repository/org/seleniumhq/selenium/selenium-ie-driver/4.4.0/selenium-ie-driver-4.4.0.jar:/Users/hamedzara/.m2/repository/org/seleniumhq/selenium/selenium-opera-driver/4.4.0/selenium-opera-driver-4.4.0.jar:/Users/hamedzara/.m2/repository/org/seleniumhq/selenium/selenium-remote-driver/4.4.0/selenium-remote-driver-4.4.0.jar:/Users/hamedzara/.m2/repository/com/beust/jcommander/1.82/jcommander-1.82.jar:/Users/hamedzara/.m2/repository/io/netty/netty-buffer/4.1.78.Final/netty-buffer-4.1.78.Final.jar:/Users/hamedzara/.m2/repository/io/netty/netty-codec-http/4.1.78.Final/netty-codec-http-4.1.78.Final.jar:/Users/hamedzara/.m2/repository/io/netty/netty-codec/4.1.78.Final/netty-codec-4.1.78.Final.jar:/Users/hamedzara/.m2/repository/io/netty/netty-handler/4.1.78.Final/netty-handler-4.1.78.Final.jar:/Users/hamedzara/.m2/repository/io/netty/netty-common/4.1.78.Final/netty-common-4.1.78.Final.jar:/Users/hamedzara/.m2/repository/io/netty/netty-transport-classes-epoll/4.1.78.Final/netty-transport-classes-epoll-4.1.78.Final.jar:/Users/hamedzara/.m2/repository/io/netty/netty-transport-classes-kqueue/4.1.78.Final/netty-transport-classes-kqueue-4.1.78.Final.jar:/Users/hamedzara/.m2/repository/io/netty/netty-transport-native-epoll/4.1.78.Final/netty-transport-native-epoll-4.1.78.Final.jar:/Users/hamedzara/.m2/repository/io/netty/netty-transport-native-kqueue/4.1.78.Final/netty-transport-native-kqueue-4.1.78.Final.jar:/Users/hamedzara/.m2/repository/io/netty/netty-transport-native-unix-common/4.1.78.Final/netty-transport-native-unix-common-4.1.78.Final.jar:/Users/hamedzara/.m2/repository/io/netty/netty-transport/4.1.78.Final/netty-transport-4.1.78.Final.jar:/Users/hamedzara/.m2/repository/io/netty/netty-resolver/4.1.78.Final/netty-resolver-4.1.78.Final.jar:/Users/hamedzara/.m2/repository/io/opentelemetry/opentelemetry-api/1.16.0/opentelemetry-api-1.16.0.jar:/Users/hamedzara/.m2/repository/io/opentelemetry/opentelemetry-context/1.16.0/opentelemetry-context-1.16.0.jar:/Users/hamedzara/.m2/repository/io/opentelemetry/opentelemetry-exporter-logging/1.16.0/opentelemetry-exporter-logging-1.16.0.jar:/Users/hamedzara/.m2/repository/io/opentelemetry/opentelemetry-sdk-metrics/1.16.0/opentelemetry-sdk-metrics-1.16.0.jar:/Users/hamedzara/.m2/repository/io/opentelemetry/opentelemetry-sdk-logs/1.16.0-alpha/opentelemetry-sdk-logs-1.16.0-alpha.jar:/Users/hamedzara/.m2/repository/io/opentelemetry/opentelemetry-sdk-common/1.16.0/opentelemetry-sdk-common-1.16.0.jar:/Users/hamedzara/.m2/repository/io/opentelemetry/opentelemetry-sdk-extension-autoconfigure-spi/1.16.0/opentelemetry-sdk-extension-autoconfigure-spi-1.16.0.jar:/Users/hamedzara/.m2/repository/io/opentelemetry/opentelemetry-sdk-extension-autoconfigure/1.16.0-alpha/opentelemetry-sdk-extension-autoconfigure-1.16.0-alpha.jar:/Users/hamedzara/.m2/repository/io/opentelemetry/opentelemetry-sdk-trace/1.16.0/opentelemetry-sdk-trace-1.16.0.jar:/Users/hamedzara/.m2/repository/io/opentelemetry/opentelemetry-sdk/1.16.0/opentelemetry-sdk-1.16.0.jar:/Users/hamedzara/.m2/repository/io/opentelemetry/opentelemetry-semconv/1.16.0-alpha/opentelemetry-semconv-1.16.0-alpha.jar:/Users/hamedzara/.m2/repository/io/ous/jtoml/2.0.0/jtoml-2.0.0.jar:/Users/hamedzara/.m2/repository/net/bytebuddy/byte-buddy/1.12.10/byte-buddy-1.12.10.jar:/Users/hamedzara/.m2/repository/org/apache/commons/commons-exec/1.3/commons-exec-1.3.jar:/Users/hamedzara/.m2/repository/org/asynchttpclient/async-http-client/2.12.3/async-http-client-2.12.3.jar:/Users/hamedzara/.m2/repository/org/asynchttpclient/async-http-client-netty-utils/2.12.3/async-http-client-netty-utils-2.12.3.jar:/Users/hamedzara/.m2/repository/io/netty/netty-codec-socks/4.1.60.Final/netty-codec-socks-4.1.60.Final.jar:/Users/hamedzara/.m2/repository/io/netty/netty-handler-proxy/4.1.60.Final/netty-handler-proxy-4.1.60.Final.jar:/Users/hamedzara/.m2/repository/io/netty/netty-transport-native-epoll/4.1.60.Final/netty-transport-native-epoll-4.1.60.Final-linux-x86_64.jar:/Users/hamedzara/.m2/repository/io/netty/netty-transport-native-kqueue/4.1.60.Final/netty-transport-native-kqueue-4.1.60.Final-osx-x86_64.jar:/Users/hamedzara/.m2/repository/org/reactivestreams/reactive-streams/1.0.3/reactive-streams-1.0.3.jar:/Users/hamedzara/.m2/repository/com/typesafe/netty/netty-reactive-streams/2.0.4/netty-reactive-streams-2.0.4.jar:/Users/hamedzara/.m2/repository/com/sun/activation/jakarta.activation/1.2.2/jakarta.activation-1.2.2.jar:/Users/hamedzara/.m2/repository/org/seleniumhq/selenium/selenium-http/4.4.0/selenium-http-4.4.0.jar:/Users/hamedzara/.m2/repository/dev/failsafe/failsafe/3.2.4/failsafe-3.2.4.jar:/Users/hamedzara/.m2/repository/org/seleniumhq/selenium/selenium-safari-driver/4.4.0/selenium-safari-driver-4.4.0.jar:/Users/hamedzara/.m2/repository/org/seleniumhq/selenium/selenium-support/4.4.0/selenium-support-4.4.0.jar:/Users/hamedzara/.m2/repository/io/github/bonigarcia/webdrivermanager/5.3.0/webdrivermanager-5.3.0.jar:/Users/hamedzara/.m2/repository/org/slf4j/slf4j-api/1.7.36/slf4j-api-1.7.36.jar:/Users/hamedzara/.m2/repository/com/google/code/gson/gson/2.9.1/gson-2.9.1.jar:/Users/hamedzara/.m2/repository/com/github/docker-java/docker-java/3.2.13/docker-java-3.2.13.jar:/Users/hamedzara/.m2/repository/com/github/docker-java/docker-java-core/3.2.13/docker-java-core-3.2.13.jar:/Users/hamedzara/.m2/repository/com/github/docker-java/docker-java-api/3.2.13/docker-java-api-3.2.13.jar:/Users/hamedzara/.m2/repository/com/fasterxml/jackson/core/jackson-annotations/2.10.3/jackson-annotations-2.10.3.jar:/Users/hamedzara/.m2/repository/com/fasterxml/jackson/core/jackson-databind/2.10.3/jackson-databind-2.10.3.jar:/Users/hamedzara/.m2/repository/com/fasterxml/jackson/core/jackson-core/2.10.3/jackson-core-2.10.3.jar:/Users/hamedzara/.m2/repository/org/bouncycastle/bcpkix-jdk15on/1.64/bcpkix-jdk15on-1.64.jar:/Users/hamedzara/.m2/repository/org/bouncycastle/bcprov-jdk15on/1.64/bcprov-jdk15on-1.64.jar:/Users/hamedzara/.m2/repository/org/slf4j/jcl-over-slf4j/1.7.30/jcl-over-slf4j-1.7.30.jar:/Users/hamedzara/.m2/repository/com/github/docker-java/docker-java-transport-httpclient5/3.2.13/docker-java-transport-httpclient5-3.2.13.jar:/Users/hamedzara/.m2/repository/com/github/docker-java/docker-java-transport/3.2.13/docker-java-transport-3.2.13.jar:/Users/hamedzara/.m2/repository/net/java/dev/jna/jna/5.8.0/jna-5.8.0.jar:/Users/hamedzara/.m2/repository/org/brotli/dec/0.1.2/dec-0.1.2.jar:/Users/hamedzara/.m2/repository/org/apache/commons/commons-lang3/3.12.0/commons-lang3-3.12.0.jar:/Users/hamedzara/.m2/repository/org/apache/httpcomponents/client5/httpclient5/5.1.3/httpclient5-5.1.3.jar:/Users/hamedzara/.m2/repository/org/apache/httpcomponents/core5/httpcore5/5.1.3/httpcore5-5.1.3.jar:/Users/hamedzara/.m2/repository/org/apache/httpcomponents/core5/httpcore5-h2/5.1.3/httpcore5-h2-5.1.3.jar:/Users/hamedzara/.m2/repository/org/apache/poi/poi/5.2.3/poi-5.2.3.jar:/Users/hamedzara/.m2/repository/commons-codec/commons-codec/1.15/commons-codec-1.15.jar:/Users/hamedzara/.m2/repository/org/apache/commons/commons-collections4/4.4/commons-collections4-4.4.jar:/Users/hamedzara/.m2/repository/org/apache/commons/commons-math3/3.6.1/commons-math3-3.6.1.jar:/Users/hamedzara/.m2/repository/com/zaxxer/SparseBitSet/1.2/SparseBitSet-1.2.jar:/Users/hamedzara/.m2/repository/org/apache/logging/log4j/log4j-api/2.18.0/log4j-api-2.18.0.jar:/Users/hamedzara/.m2/repository/org/apache/poi/poi-ooxml/5.2.3/poi-ooxml-5.2.3.jar:/Users/hamedzara/.m2/repository/org/apache/poi/poi-ooxml-lite/5.2.3/poi-ooxml-lite-5.2.3.jar:/Users/hamedzara/.m2/repository/org/apache/xmlbeans/xmlbeans/5.1.1/xmlbeans-5.1.1.jar:/Users/hamedzara/.m2/repository/org/apache/commons/commons-compress/1.21/commons-compress-1.21.jar:/Users/hamedzara/.m2/repository/com/github/virtuald/curvesapi/1.07/curvesapi-1.07.jar:/Users/hamedzara/.m2/repository/mysql/mysql-connector-java/8.0.30/mysql-connector-java-8.0.30.jar:/Users/hamedzara/.m2/repository/com/google/protobuf/protobuf-java/3.19.4/protobuf-java-3.19.4.jar:/Users/hamedzara/.m2/repository/commons-io/commons-io/2.11.0/commons-io-2.11.0.jar:/Users/hamedzara/.m2/repository/org/yaml/snakeyaml/1.33/snakeyaml-1.33.jar:/Users/hamedzara/.m2/repository/log4j/log4j/1.2.17/log4j-1.2.17.jar:/Users/hamedzara/.m2/repository/net/datafaker/datafaker/1.8.0/datafaker-1.8.0.jar:/Users/hamedzara/.m2/repository/com/github/mifmif/generex/1.0.2/generex-1.0.2.jar:/Users/hamedzara/.m2/repository/dk/brics/automaton/automaton/1.11-8/automaton-1.11-8.jar:"/>
    <property name="sun.cpu.endian" value="little"/>
    <property name="user.home" value="/Users/hamedzara"/>
    <property name="user.language" value="en"/>
    <property name="java.specification.vendor" value="Oracle Corporation"/>
    <property name="java.version.date" value="2022-04-22"/>
    <property name="java.home" value="/Library/Java/JavaVirtualMachines/jdk-11.0.15.1.jdk/Contents/Home"/>
    <property name="file.separator" value="/"/>
    <property name="style.color" value="always"/>
    <property name="basedir" value="/Users/hamedzara/eclipse-workspace/tek-transformers-bdd-framework"/>
    <property name="java.vm.compressedOopsMode" value="Zero based"/>
    <property name="line.separator" value="&#10;"/>
    <property name="java.specification.name" value="Java Platform API Specification"/>
    <property name="java.vm.specification.vendor" value="Oracle Corporation"/>
    <property name="java.awt.graphicsenv" value="sun.awt.CGraphicsEnvironment"/>
    <property name="surefire.real.class.path" value="/Users/hamedzara/eclipse-workspace/tek-transformers-bdd-framework/target/surefire/surefirebooter-20230321124652665_3.jar"/>
    <property name="sun.management.compiler" value="HotSpot 64-Bit Tiered Compilers"/>
    <property name="ftp.nonProxyHosts" value="local|*.local|169.254/16|*.169.254/16"/>
    <property name="java.runtime.version" value="11.0.15.1+2-LTS-10"/>
    <property name="user.name" value="hamedzara"/>
    <property name="path.separator" value=":"/>
    <property name="os.version" value="13.2.1"/>
    <property name="java.runtime.name" value="Java(TM) SE Runtime Environment"/>
    <property name="file.encoding" value="UTF-8"/>
    <property name="java.vm.name" value="Java HotSpot(TM) 64-Bit Server VM"/>
    <property name="java.vendor.version" value="18.9"/>
    <property name="localRepository" value="/Users/hamedzara/.m2/repository"/>
    <property name="java.vendor.url.bug" value="https://bugreport.java.com/bugreport/"/>
    <property name="java.io.tmpdir" value="/var/folders/g2/s96v8q9s1pggj3zkqxb4bxvr0000gn/T/"/>
    <property name="java.version" value="11.0.15.1"/>
    <property name="user.dir" value="/Users/hamedzara/eclipse-workspace/tek-transformers-bdd-framework"/>
    <property name="os.arch" value="x86_64"/>
    <property name="java.vm.specification.name" value="Java Virtual Machine Specification"/>
    <property name="java.awt.printerjob" value="sun.lwawt.macosx.CPrinterJob"/>
    <property name="sun.os.patch.level" value="unknown"/>
    <property name="java.library.path" value="/Users/hamedzara/Library/Java/Extensions:/Library/Java/Extensions:/Network/Library/Java/Extensions:/System/Library/Java/Extensions:/usr/lib/java:."/>
    <property name="java.vendor" value="Oracle Corporation"/>
    <property name="java.vm.info" value="mixed mode"/>
    <property name="java.vm.version" value="11.0.15.1+2-LTS-10"/>
    <property name="sun.io.unicode.encoding" value="UnicodeBig"/>
    <property name="java.class.version" value="55.0"/>
    <property name="socksNonProxyHosts" value="local|*.local|169.254/16|*.169.254/16"/>
  </properties>
  <testcase name="Verify user can sign in into Retail Application #1" classname="TEK Retail application SignIn feature" time="9.999">
    <system-out><![CDATA[
@smoke1
Scenario: Verify user can sign in into Retail Application                 # features/signin.feature:5
{browser=firefox, headless=false, url=https://tek-retail-ui.azurewebsites.net/}
 INFO [main] (RetailHomeSteps.java:31)- User is on retail website
 INFO [main] (RetailHomeSteps.java:32)- Actual Title: React App = Expected Title: React App
  Given User is on retail website                                         # tek.sdet.framework.steps.RetailHomeSteps.userIsOnRetailWebsite()
 INFO [main] (RetailSignInSteps.java:35)- User clicked on signin button
  When User click on Sign in option                                       # tek.sdet.framework.steps.RetailSignInSteps.userClickOnSignInOption()
 INFO [main] (RetailSignInSteps.java:44)- This is the email user entered: tester1010@tekschool.us , This is the password user enterd: tEk@12345
  And User enter email 'tester1010@tekschool.us' and password 'tEk@12345' # tek.sdet.framework.steps.RetailSignInSteps.userEnterEmailAndPassword(java.lang.String,java.lang.String)
 INFO [main] (RetailSignInSteps.java:52)- User clicked on login button
  And User click on login button                                          # tek.sdet.framework.steps.RetailSignInSteps.userClickOnLoginButton()
 INFO [main] (RetailSignInSteps.java:60)- User is logged into account
  Then User should be logged in into Account                              # tek.sdet.framework.steps.RetailSignInSteps.userShouldBeLoggedInIntoAccount()
]]></system-out>
    <system-err><![CDATA[SLF4J: Failed to load class "org.slf4j.impl.StaticLoggerBinder".
SLF4J: Defaulting to no-operation (NOP) logger implementation
SLF4J: See http://www.slf4j.org/codes.html#StaticLoggerBinder for further details.
ERROR StatusLogger Log4j2 could not find a logging implementation. Please add log4j-core to the classpath. Using SimpleLogger to log to the console...
1679428016676	geckodriver	INFO	Listening on 127.0.0.1:63666
1679428017009	mozrunner::runner	INFO	Running command: "/Applications/Firefox.app/Contents/MacOS/firefox-bin" "--marionette" "--remote-debugging-port" "63795" "--r ... alhost:63795/" "-foreground" "-no-remote" "-profile" "/var/folders/g2/s96v8q9s1pggj3zkqxb4bxvr0000gn/T/rust_mozprofileU2vkp1"
console.warn: services.settings: Ignoring preference override of remote settings server
console.warn: services.settings: Allow by setting MOZ_REMOTE_SETTINGS_DEVTOOLS=1 in the environment
1679428017734	Marionette	INFO	Marionette enabled
1679428018004	Marionette	INFO	Listening on port 55866
console.error: "Warning: unrecognized command line flag -remote-allow-hosts\n"
console.error: "Warning: unrecognized command line flag -remote-allow-origins\n"
Read port: 55866
WebDriver BiDi listening on ws://127.0.0.1:63795
1679428018188	RemoteAgent	WARN	TLS certificate errors will be ignored for this session
console.warn: SearchSettings: "get: No settings file exists, new profile?" (new NotFoundError("Could not open the file at /var/folders/g2/s96v8q9s1pggj3zkqxb4bxvr0000gn/T/rust_mozprofileU2vkp1/search.json.mozlz4", (void 0)))
DevTools listening on ws://127.0.0.1:63795/devtools/browser/bccc70ab-0ed2-465a-ae27-a8d5cf1948b2
Mar 21, 2023 12:46:59 PM org.openqa.selenium.remote.ProtocolHandshake createSession
INFO: Detected upstream dialect: W3C
console.warn: LoginRecipes: "Falling back to a synchronous message for: https://tek-retail-ui.azurewebsites.net."
console.warn: LoginRecipes: "Falling back to a synchronous message for: https://tek-retail-ui.azurewebsites.net."
1679428023725	Marionette	INFO	Stopped listening on port 55866
]]></system-err>
  </testcase>
  <testcase name="Verify user can sign in into Retail Application #2" classname="TEK Retail application SignIn feature" time="6.044">
    <system-out><![CDATA[
@smoke1
Scenario Outline: Verify user can sign in into Retail Application          # features/signin.feature:21
{browser=firefox, headless=false, url=https://tek-retail-ui.azurewebsites.net/}
 INFO [main] (RetailHomeSteps.java:31)- User is on retail website
 INFO [main] (RetailHomeSteps.java:32)- Actual Title: React App = Expected Title: React App
  Given User is on retail website                                          # tek.sdet.framework.steps.RetailHomeSteps.userIsOnRetailWebsite()
 INFO [main] (RetailSignInSteps.java:35)- User clicked on signin button
  When User click on Sign in option                                        # tek.sdet.framework.steps.RetailSignInSteps.userClickOnSignInOption()
 INFO [main] (RetailSignInSteps.java:44)- This is the email user entered: tester10101@tekschool.us , This is the password user enterd: Tek@12345
  And User enter email 'tester10101@tekschool.us' and password 'Tek@12345' # tek.sdet.framework.steps.RetailSignInSteps.userEnterEmailAndPassword(java.lang.String,java.lang.String)
 INFO [main] (RetailSignInSteps.java:52)- User clicked on login button
  And User click on login button                                           # tek.sdet.framework.steps.RetailSignInSteps.userClickOnLoginButton()
 INFO [main] (RetailSignInSteps.java:60)- User is logged into account
  Then User should be logged in into Account                               # tek.sdet.framework.steps.RetailSignInSteps.userShouldBeLoggedInIntoAccount()
]]></system-out>
    <system-err><![CDATA[1679428024316	geckodriver	INFO	Listening on 127.0.0.1:58842
1679428024344	mozrunner::runner	INFO	Running command: "/Applications/Firefox.app/Contents/MacOS/firefox-bin" "--marionette" "--remote-debugging-port" "51096" "--r ... alhost:51096/" "-foreground" "-no-remote" "-profile" "/var/folders/g2/s96v8q9s1pggj3zkqxb4bxvr0000gn/T/rust_mozprofiledVZfXg"
console.warn: services.settings: Ignoring preference override of remote settings server
console.warn: services.settings: Allow by setting MOZ_REMOTE_SETTINGS_DEVTOOLS=1 in the environment
1679428024921	Marionette	INFO	Marionette enabled
1679428025013	Marionette	INFO	Listening on port 56047
console.error: "Warning: unrecognized command line flag -remote-allow-hosts\n"
console.error: "Warning: unrecognized command line flag -remote-allow-origins\n"
Read port: 56047
WebDriver BiDi listening on ws://127.0.0.1:51096
1679428025197	RemoteAgent	WARN	TLS certificate errors will be ignored for this session
console.warn: SearchSettings: "get: No settings file exists, new profile?" (new NotFoundError("Could not open the file at /var/folders/g2/s96v8q9s1pggj3zkqxb4bxvr0000gn/T/rust_mozprofiledVZfXg/search.json.mozlz4", (void 0)))
DevTools listening on ws://127.0.0.1:51096/devtools/browser/b028ba5a-96e4-4b1d-89b3-5317ec133d7c
Mar 21, 2023 12:47:06 PM org.openqa.selenium.remote.ProtocolHandshake createSession
INFO: Detected upstream dialect: W3C
console.warn: LoginRecipes: "Falling back to a synchronous message for: https://tek-retail-ui.azurewebsites.net."
console.warn: LoginRecipes: "Falling back to a synchronous message for: https://tek-retail-ui.azurewebsites.net."
1679428029817	Marionette	INFO	Stopped listening on port 56047
]]></system-err>
  </testcase>
  <testcase name="Verify user can sign in into Retail Application #3" classname="TEK Retail application SignIn feature" time="5.561">
    <system-out><![CDATA[
@smoke1
Scenario Outline: Verify user can sign in into Retail Application             # features/signin.feature:22
{browser=firefox, headless=false, url=https://tek-retail-ui.azurewebsites.net/}
 INFO [main] (RetailHomeSteps.java:31)- User is on retail website
 INFO [main] (RetailHomeSteps.java:32)- Actual Title: React App = Expected Title: React App
  Given User is on retail website                                             # tek.sdet.framework.steps.RetailHomeSteps.userIsOnRetailWebsite()
 INFO [main] (RetailSignInSteps.java:35)- User clicked on signin button
  When User click on Sign in option                                           # tek.sdet.framework.steps.RetailSignInSteps.userClickOnSignInOption()
 INFO [main] (RetailSignInSteps.java:44)- This is the email user entered: tester12345678@tekschool.us , This is the password user enterd: Tek@12345
  And User enter email 'tester12345678@tekschool.us' and password 'Tek@12345' # tek.sdet.framework.steps.RetailSignInSteps.userEnterEmailAndPassword(java.lang.String,java.lang.String)
 INFO [main] (RetailSignInSteps.java:52)- User clicked on login button
  And User click on login button                                              # tek.sdet.framework.steps.RetailSignInSteps.userClickOnLoginButton()
 INFO [main] (RetailSignInSteps.java:60)- User is logged into account
  Then User should be logged in into Account                                  # tek.sdet.framework.steps.RetailSignInSteps.userShouldBeLoggedInIntoAccount()
]]></system-out>
    <system-err><![CDATA[1679428030369	geckodriver	INFO	Listening on 127.0.0.1:54445
1679428030392	mozrunner::runner	INFO	Running command: "/Applications/Firefox.app/Contents/MacOS/firefox-bin" "--marionette" "--remote-debugging-port" "51619" "--r ... alhost:51619/" "-foreground" "-no-remote" "-profile" "/var/folders/g2/s96v8q9s1pggj3zkqxb4bxvr0000gn/T/rust_mozprofilePM3CJX"
console.warn: services.settings: Ignoring preference override of remote settings server
console.warn: services.settings: Allow by setting MOZ_REMOTE_SETTINGS_DEVTOOLS=1 in the environment
1679428030831	Marionette	INFO	Marionette enabled
1679428030917	Marionette	INFO	Listening on port 56195
Read port: 56195
console.error: "Warning: unrecognized command line flag -remote-allow-hosts\n"
console.error: "Warning: unrecognized command line flag -remote-allow-origins\n"
WebDriver BiDi listening on ws://127.0.0.1:51619
1679428031015	RemoteAgent	WARN	TLS certificate errors will be ignored for this session
console.warn: SearchSettings: "get: No settings file exists, new profile?" (new NotFoundError("Could not open the file at /var/folders/g2/s96v8q9s1pggj3zkqxb4bxvr0000gn/T/rust_mozprofilePM3CJX/search.json.mozlz4", (void 0)))
DevTools listening on ws://127.0.0.1:51619/devtools/browser/16698a71-9be2-4877-bb85-a8d8c8e2978d
Mar 21, 2023 12:47:12 PM org.openqa.selenium.remote.ProtocolHandshake createSession
INFO: Detected upstream dialect: W3C
console.warn: LoginRecipes: "Falling back to a synchronous message for: https://tek-retail-ui.azurewebsites.net."
console.warn: LoginRecipes: "Falling back to a synchronous message for: https://tek-retail-ui.azurewebsites.net."
1679428035385	Marionette	INFO	Stopped listening on port 56195
]]></system-err>
  </testcase>
  <testcase name="Verify user can sign in into Retail Application #4" classname="TEK Retail application SignIn feature" time="5.747">
    <system-out><![CDATA[
@smoke1
Scenario Outline: Verify user can sign in into Retail Application         # features/signin.feature:23
{browser=firefox, headless=false, url=https://tek-retail-ui.azurewebsites.net/}
 INFO [main] (RetailHomeSteps.java:31)- User is on retail website
 INFO [main] (RetailHomeSteps.java:32)- Actual Title: React App = Expected Title: React App
  Given User is on retail website                                         # tek.sdet.framework.steps.RetailHomeSteps.userIsOnRetailWebsite()
 INFO [main] (RetailSignInSteps.java:35)- User clicked on signin button
  When User click on Sign in option                                       # tek.sdet.framework.steps.RetailSignInSteps.userClickOnSignInOption()
 INFO [main] (RetailSignInSteps.java:44)- This is the email user entered: tester1010@tekschool.us , This is the password user enterd: tEk@12345
  And User enter email 'tester1010@tekschool.us' and password 'tEk@12345' # tek.sdet.framework.steps.RetailSignInSteps.userEnterEmailAndPassword(java.lang.String,java.lang.String)
 INFO [main] (RetailSignInSteps.java:52)- User clicked on login button
  And User click on login button                                          # tek.sdet.framework.steps.RetailSignInSteps.userClickOnLoginButton()
 INFO [main] (RetailSignInSteps.java:60)- User is logged into account
  Then User should be logged in into Account                              # tek.sdet.framework.steps.RetailSignInSteps.userShouldBeLoggedInIntoAccount()
]]></system-out>
    <system-err><![CDATA[1679428035949	geckodriver	INFO	Listening on 127.0.0.1:56145
1679428035986	mozrunner::runner	INFO	Running command: "/Applications/Firefox.app/Contents/MacOS/firefox-bin" "--marionette" "--remote-debugging-port" "53093" "--r ... alhost:53093/" "-foreground" "-no-remote" "-profile" "/var/folders/g2/s96v8q9s1pggj3zkqxb4bxvr0000gn/T/rust_mozprofileMscpPV"
console.warn: services.settings: Ignoring preference override of remote settings server
console.warn: services.settings: Allow by setting MOZ_REMOTE_SETTINGS_DEVTOOLS=1 in the environment
1679428036428	Marionette	INFO	Marionette enabled
1679428036510	Marionette	INFO	Listening on port 56349
Read port: 56349
console.error: "Warning: unrecognized command line flag -remote-allow-hosts\n"
console.error: "Warning: unrecognized command line flag -remote-allow-origins\n"
WebDriver BiDi listening on ws://127.0.0.1:53093
1679428036620	RemoteAgent	WARN	TLS certificate errors will be ignored for this session
console.warn: SearchSettings: "get: No settings file exists, new profile?" (new NotFoundError("Could not open the file at /var/folders/g2/s96v8q9s1pggj3zkqxb4bxvr0000gn/T/rust_mozprofileMscpPV/search.json.mozlz4", (void 0)))
DevTools listening on ws://127.0.0.1:53093/devtools/browser/390fcf58-6a5a-4ab0-9170-61dc177e434e
Mar 21, 2023 12:47:17 PM org.openqa.selenium.remote.ProtocolHandshake createSession
INFO: Detected upstream dialect: W3C
console.warn: LoginRecipes: "Falling back to a synchronous message for: https://tek-retail-ui.azurewebsites.net."
console.warn: LoginRecipes: "Falling back to a synchronous message for: https://tek-retail-ui.azurewebsites.net."
1679428041124	Marionette	INFO	Stopped listening on port 56349
]]></system-err>
  </testcase>
  <testcase name="Verify user can create an account into Retail Website" classname="TEK Retail application SignIn feature" time="5.662">
    <system-out><![CDATA[
@smoke1
Scenario: Verify user can create an account into Retail Website # features/signin.feature:26
{browser=firefox, headless=false, url=https://tek-retail-ui.azurewebsites.net/}
 INFO [main] (RetailHomeSteps.java:31)- User is on retail website
 INFO [main] (RetailHomeSteps.java:32)- Actual Title: React App = Expected Title: React App
  Given User is on retail website                               # tek.sdet.framework.steps.RetailHomeSteps.userIsOnRetailWebsite()
 INFO [main] (RetailSignInSteps.java:35)- User clicked on signin button
  When User click on Sign in option                             # tek.sdet.framework.steps.RetailSignInSteps.userClickOnSignInOption()
 INFO [main] (RetailSignInSteps.java:76)- User clicked on Create new account button
  And User click on Create new Account button                   # tek.sdet.framework.steps.RetailSignInSteps.userClickOnCreateNewAccountButton()
 INFO [main] (RetailSignInSteps.java:87)- User filled the signUp information
  And User fill the signUp information with below data          # tek.sdet.framework.steps.RetailSignInSteps.userFillTheSignUpInformationWithBelowData(io.cucumber.datatable.DataTable)
    | name     | email | password  | confirmPassword |
    | fullName | email | Tek@12345 | Tek@12345       |
 INFO [main] (RetailSignInSteps.java:94)- User clicked on sign up button
  And User click on signUp button                               # tek.sdet.framework.steps.RetailSignInSteps.userClickOnSignUpButton()
 INFO [main] (RetailSignInSteps.java:102)- User is logged into Account page
  Then User should be logged into account page                  # tek.sdet.framework.steps.RetailSignInSteps.userShouldBeLoggedIntoAccountPage()
]]></system-out>
    <system-err><![CDATA[1679428041670	geckodriver	INFO	Listening on 127.0.0.1:64015
1679428041690	mozrunner::runner	INFO	Running command: "/Applications/Firefox.app/Contents/MacOS/firefox-bin" "--marionette" "--remote-debugging-port" "62639" "--r ... alhost:62639/" "-foreground" "-no-remote" "-profile" "/var/folders/g2/s96v8q9s1pggj3zkqxb4bxvr0000gn/T/rust_mozprofileFLVSXH"
console.warn: services.settings: Ignoring preference override of remote settings server
console.warn: services.settings: Allow by setting MOZ_REMOTE_SETTINGS_DEVTOOLS=1 in the environment
1679428042118	Marionette	INFO	Marionette enabled
1679428042205	Marionette	INFO	Listening on port 56569
Read port: 56569
console.error: "Warning: unrecognized command line flag -remote-allow-hosts\n"
console.error: "Warning: unrecognized command line flag -remote-allow-origins\n"
WebDriver BiDi listening on ws://127.0.0.1:62639
1679428042319	RemoteAgent	WARN	TLS certificate errors will be ignored for this session
console.warn: SearchSettings: "get: No settings file exists, new profile?" (new NotFoundError("Could not open the file at /var/folders/g2/s96v8q9s1pggj3zkqxb4bxvr0000gn/T/rust_mozprofileFLVSXH/search.json.mozlz4", (void 0)))
DevTools listening on ws://127.0.0.1:62639/devtools/browser/3d02b5ea-312b-4014-b771-bf2961208f54
Mar 21, 2023 12:47:23 PM org.openqa.selenium.remote.ProtocolHandshake createSession
INFO: Detected upstream dialect: W3C
console.warn: LoginRecipes: "Falling back to a synchronous message for: https://tek-retail-ui.azurewebsites.net."
console.warn: LoginRecipes: "Falling back to a synchronous message for: https://tek-retail-ui.azurewebsites.net."
console.warn: LoginRecipes: "Falling back to a synchronous message for: https://tek-retail-ui.azurewebsites.net."
1679428046800	Marionette	INFO	Stopped listening on port 56569
]]></system-err>
  </testcase>
</testsuite>